[2025-06-11 12:23:08] Starting periodic script runner
[2025-06-11 12:23:08] Executing script: swww-random-wallpaper.sh
[2025-06-11 12:23:08] Script output: ./run_periodic.sh: line 21: swww-random-wallpaper.sh: command not found
[2025-06-11 12:24:41] Starting periodic script runner
[2025-06-11 12:24:41] Error: Script not found or not executable: ~/.config/hypr/scripts/swww-random-wallpaper.sh
[2025-06-11 12:29:39] Starting periodic script runner
[2025-06-11 12:29:39] Executing script: /home/cryptosaiyan/.config/hypr/scripts/swww-random-wallpaper.sh
[2025-06-11 21:50:14] Starting periodic script runner
[2025-06-11 21:50:14] Executing script: /home/cryptosaiyan/.config/hypr/scripts/swww-random-wallpaper.sh
[2025-06-11 21:55:16] Executing script: /home/cryptosaiyan/.config/hypr/scripts/swww-random-wallpaper.sh
[2025-06-11 22:00:17] Executing script: /home/cryptosaiyan/.config/hypr/scripts/swww-random-wallpaper.sh
[2025-06-11 22:05:18] Executing script: /home/cryptosaiyan/.config/hypr/scripts/swww-random-wallpaper.sh
[2025-06-11 22:10:19] Executing script: /home/cryptosaiyan/.config/hypr/scripts/swww-random-wallpaper.sh
[2025-06-11 22:15:20] Executing script: /home/cryptosaiyan/.config/hypr/scripts/swww-random-wallpaper.sh
[2025-06-11 22:20:22] Executing script: /home/cryptosaiyan/.config/hypr/scripts/swww-random-wallpaper.sh
[2025-06-11 22:25:23] Executing script: /home/cryptosaiyan/.config/hypr/scripts/swww-random-wallpaper.sh
[2025-06-11 22:30:24] Executing script: /home/cryptosaiyan/.config/hypr/scripts/swww-random-wallpaper.sh
[2025-06-11 22:35:25] Executing script: /home/cryptosaiyan/.config/hypr/scripts/swww-random-wallpaper.sh
[2025-06-11 22:40:26] Executing script: /home/cryptosaiyan/.config/hypr/scripts/swww-random-wallpaper.sh
[2025-06-11 22:45:27] Executing script: /home/cryptosaiyan/.config/hypr/scripts/swww-random-wallpaper.sh
[2025-06-11 22:50:28] Executing script: /home/cryptosaiyan/.config/hypr/scripts/swww-random-wallpaper.sh
[2025-06-11 22:55:29] Executing script: /home/cryptosaiyan/.config/hypr/scripts/swww-random-wallpaper.sh
[2025-06-11 23:00:30] Executing script: /home/cryptosaiyan/.config/hypr/scripts/swww-random-wallpaper.sh
[2025-06-11 23:05:32] Executing script: /home/cryptosaiyan/.config/hypr/scripts/swww-random-wallpaper.sh
[2025-06-11 23:10:33] Executing script: /home/cryptosaiyan/.config/hypr/scripts/swww-random-wallpaper.sh
[2025-06-11 23:15:34] Executing script: /home/cryptosaiyan/.config/hypr/scripts/swww-random-wallpaper.sh
[2025-06-11 23:20:35] Executing script: /home/cryptosaiyan/.config/hypr/scripts/swww-random-wallpaper.sh
[2025-06-11 23:25:36] Executing script: /home/cryptosaiyan/.config/hypr/scripts/swww-random-wallpaper.sh
[2025-06-11 23:30:37] Executing script: /home/cryptosaiyan/.config/hypr/scripts/swww-random-wallpaper.sh
[2025-06-11 23:35:38] Executing script: /home/cryptosaiyan/.config/hypr/scripts/swww-random-wallpaper.sh
[2025-06-11 23:40:40] Executing script: /home/cryptosaiyan/.config/hypr/scripts/swww-random-wallpaper.sh
[2025-06-11 23:45:41] Executing script: /home/cryptosaiyan/.config/hypr/scripts/swww-random-wallpaper.sh
[2025-06-11 23:50:42] Executing script: /home/cryptosaiyan/.config/hypr/scripts/swww-random-wallpaper.sh
[2025-06-11 23:55:43] Executing script: /home/cryptosaiyan/.config/hypr/scripts/swww-random-wallpaper.sh
[2025-06-12 00:00:44] Executing script: /home/cryptosaiyan/.config/hypr/scripts/swww-random-wallpaper.sh
[2025-06-12 00:05:45] Executing script: /home/cryptosaiyan/.config/hypr/scripts/swww-random-wallpaper.sh
[2025-06-12 00:10:46] Executing script: /home/cryptosaiyan/.config/hypr/scripts/swww-random-wallpaper.sh
[2025-06-12 00:15:47] Executing script: /home/cryptosaiyan/.config/hypr/scripts/swww-random-wallpaper.sh
[2025-06-12 00:20:48] Executing script: /home/cryptosaiyan/.config/hypr/scripts/swww-random-wallpaper.sh
[2025-06-12 00:25:50] Executing script: /home/cryptosaiyan/.config/hypr/scripts/swww-random-wallpaper.sh
[2025-06-12 00:30:51] Executing script: /home/cryptosaiyan/.config/hypr/scripts/swww-random-wallpaper.sh
[2025-06-12 00:35:52] Executing script: /home/cryptosaiyan/.config/hypr/scripts/swww-random-wallpaper.sh
[2025-06-12 11:37:28] Starting periodic script runner
[2025-06-12 11:37:28] Executing script: /home/cryptosaiyan/.config/hypr/scripts/swww-random-wallpaper.sh
[2025-06-12 11:42:29] Executing script: /home/cryptosaiyan/.config/hypr/scripts/swww-random-wallpaper.sh
[2025-06-12 11:47:30] Executing script: /home/cryptosaiyan/.config/hypr/scripts/swww-random-wallpaper.sh
[2025-06-12 11:52:32] Executing script: /home/cryptosaiyan/.config/hypr/scripts/swww-random-wallpaper.sh
[2025-06-12 11:57:33] Executing script: /home/cryptosaiyan/.config/hypr/scripts/swww-random-wallpaper.sh
[2025-06-12 12:02:34] Executing script: /home/cryptosaiyan/.config/hypr/scripts/swww-random-wallpaper.sh
[2025-06-12 12:07:35] Executing script: /home/cryptosaiyan/.config/hypr/scripts/swww-random-wallpaper.sh
[2025-06-12 12:12:36] Executing script: /home/cryptosaiyan/.config/hypr/scripts/swww-random-wallpaper.sh
[2025-06-12 12:17:37] Executing script: /home/cryptosaiyan/.config/hypr/scripts/swww-random-wallpaper.sh
[2025-06-12 12:22:38] Executing script: /home/cryptosaiyan/.config/hypr/scripts/swww-random-wallpaper.sh
[2025-06-12 12:27:39] Executing script: /home/cryptosaiyan/.config/hypr/scripts/swww-random-wallpaper.sh
[2025-06-12 12:32:40] Executing script: /home/cryptosaiyan/.config/hypr/scripts/swww-random-wallpaper.sh
[2025-06-12 12:37:41] Executing script: /home/cryptosaiyan/.config/hypr/scripts/swww-random-wallpaper.sh
[2025-06-12 12:42:43] Executing script: /home/cryptosaiyan/.config/hypr/scripts/swww-random-wallpaper.sh
[2025-06-12 12:47:44] Executing script: /home/cryptosaiyan/.config/hypr/scripts/swww-random-wallpaper.sh
[2025-06-12 12:52:45] Executing script: /home/cryptosaiyan/.config/hypr/scripts/swww-random-wallpaper.sh
[2025-06-12 12:57:46] Executing script: /home/cryptosaiyan/.config/hypr/scripts/swww-random-wallpaper.sh
[2025-06-12 13:02:47] Executing script: /home/cryptosaiyan/.config/hypr/scripts/swww-random-wallpaper.sh
[2025-06-12 13:07:48] Executing script: /home/cryptosaiyan/.config/hypr/scripts/swww-random-wallpaper.sh
[2025-06-12 13:12:49] Executing script: /home/cryptosaiyan/.config/hypr/scripts/swww-random-wallpaper.sh
[2025-06-12 13:17:50] Executing script: /home/cryptosaiyan/.config/hypr/scripts/swww-random-wallpaper.sh
[2025-06-12 13:22:51] Executing script: /home/cryptosaiyan/.config/hypr/scripts/swww-random-wallpaper.sh
[2025-06-12 13:27:52] Executing script: /home/cryptosaiyan/.config/hypr/scripts/swww-random-wallpaper.sh
[2025-06-12 13:32:54] Executing script: /home/cryptosaiyan/.config/hypr/scripts/swww-random-wallpaper.sh
[2025-06-12 13:37:55] Executing script: /home/cryptosaiyan/.config/hypr/scripts/swww-random-wallpaper.sh
[2025-06-12 13:42:56] Executing script: /home/cryptosaiyan/.config/hypr/scripts/swww-random-wallpaper.sh
[2025-06-12 13:47:57] Executing script: /home/cryptosaiyan/.config/hypr/scripts/swww-random-wallpaper.sh
[2025-06-12 13:52:58] Executing script: /home/cryptosaiyan/.config/hypr/scripts/swww-random-wallpaper.sh
[2025-06-12 13:57:59] Executing script: /home/cryptosaiyan/.config/hypr/scripts/swww-random-wallpaper.sh
[2025-06-12 14:03:00] Executing script: /home/cryptosaiyan/.config/hypr/scripts/swww-random-wallpaper.sh
[2025-06-12 14:08:01] Executing script: /home/cryptosaiyan/.config/hypr/scripts/swww-random-wallpaper.sh
[2025-06-12 14:13:02] Executing script: /home/cryptosaiyan/.config/hypr/scripts/swww-random-wallpaper.sh
[2025-06-12 14:18:03] Executing script: /home/cryptosaiyan/.config/hypr/scripts/swww-random-wallpaper.sh
[2025-06-12 14:23:04] Executing script: /home/cryptosaiyan/.config/hypr/scripts/swww-random-wallpaper.sh
[2025-06-12 14:28:06] Executing script: /home/cryptosaiyan/.config/hypr/scripts/swww-random-wallpaper.sh
[2025-06-12 14:33:07] Executing script: /home/cryptosaiyan/.config/hypr/scripts/swww-random-wallpaper.sh
[2025-06-12 14:38:08] Executing script: /home/cryptosaiyan/.config/hypr/scripts/swww-random-wallpaper.sh
[2025-06-12 14:43:09] Executing script: /home/cryptosaiyan/.config/hypr/scripts/swww-random-wallpaper.sh
[2025-06-12 14:48:10] Executing script: /home/cryptosaiyan/.config/hypr/scripts/swww-random-wallpaper.sh
[2025-06-12 14:53:11] Executing script: /home/cryptosaiyan/.config/hypr/scripts/swww-random-wallpaper.sh
[2025-06-12 14:58:12] Executing script: /home/cryptosaiyan/.config/hypr/scripts/swww-random-wallpaper.sh
[2025-06-12 15:03:13] Executing script: /home/cryptosaiyan/.config/hypr/scripts/swww-random-wallpaper.sh
[2025-06-12 15:08:14] Executing script: /home/cryptosaiyan/.config/hypr/scripts/swww-random-wallpaper.sh
[2025-06-12 15:13:15] Executing script: /home/cryptosaiyan/.config/hypr/scripts/swww-random-wallpaper.sh
[2025-06-12 15:18:17] Executing script: /home/cryptosaiyan/.config/hypr/scripts/swww-random-wallpaper.sh
[2025-06-12 15:23:18] Executing script: /home/cryptosaiyan/.config/hypr/scripts/swww-random-wallpaper.sh
[2025-06-12 15:28:19] Executing script: /home/cryptosaiyan/.config/hypr/scripts/swww-random-wallpaper.sh
[2025-06-12 15:33:20] Executing script: /home/cryptosaiyan/.config/hypr/scripts/swww-random-wallpaper.sh
[2025-06-12 15:38:21] Executing script: /home/cryptosaiyan/.config/hypr/scripts/swww-random-wallpaper.sh
[2025-06-12 15:43:22] Executing script: /home/cryptosaiyan/.config/hypr/scripts/swww-random-wallpaper.sh
[2025-06-12 15:48:24] Executing script: /home/cryptosaiyan/.config/hypr/scripts/swww-random-wallpaper.sh
[2025-06-12 15:53:25] Executing script: /home/cryptosaiyan/.config/hypr/scripts/swww-random-wallpaper.sh
[2025-06-12 15:58:26] Executing script: /home/cryptosaiyan/.config/hypr/scripts/swww-random-wallpaper.sh
[2025-06-12 16:03:27] Executing script: /home/cryptosaiyan/.config/hypr/scripts/swww-random-wallpaper.sh
[2025-06-12 16:08:28] Executing script: /home/cryptosaiyan/.config/hypr/scripts/swww-random-wallpaper.sh
[2025-06-12 16:13:29] Executing script: /home/cryptosaiyan/.config/hypr/scripts/swww-random-wallpaper.sh
[2025-06-12 16:18:30] Executing script: /home/cryptosaiyan/.config/hypr/scripts/swww-random-wallpaper.sh
[2025-06-12 16:23:31] Executing script: /home/cryptosaiyan/.config/hypr/scripts/swww-random-wallpaper.sh
[2025-06-12 16:28:33] Executing script: /home/cryptosaiyan/.config/hypr/scripts/swww-random-wallpaper.sh
[2025-06-12 16:33:34] Executing script: /home/cryptosaiyan/.config/hypr/scripts/swww-random-wallpaper.sh
[2025-06-12 16:38:35] Executing script: /home/cryptosaiyan/.config/hypr/scripts/swww-random-wallpaper.sh
[2025-06-12 16:43:36] Executing script: /home/cryptosaiyan/.config/hypr/scripts/swww-random-wallpaper.sh
[2025-06-12 16:48:37] Executing script: /home/cryptosaiyan/.config/hypr/scripts/swww-random-wallpaper.sh
[2025-06-12 16:53:38] Executing script: /home/cryptosaiyan/.config/hypr/scripts/swww-random-wallpaper.sh
[2025-06-12 16:58:39] Executing script: /home/cryptosaiyan/.config/hypr/scripts/swww-random-wallpaper.sh
[2025-06-12 17:03:40] Executing script: /home/cryptosaiyan/.config/hypr/scripts/swww-random-wallpaper.sh
[2025-06-12 17:08:41] Executing script: /home/cryptosaiyan/.config/hypr/scripts/swww-random-wallpaper.sh
[2025-06-12 17:13:42] Executing script: /home/cryptosaiyan/.config/hypr/scripts/swww-random-wallpaper.sh
[2025-06-12 17:18:44] Executing script: /home/cryptosaiyan/.config/hypr/scripts/swww-random-wallpaper.sh
[2025-06-12 17:23:45] Executing script: /home/cryptosaiyan/.config/hypr/scripts/swww-random-wallpaper.sh
[2025-06-12 17:28:46] Executing script: /home/cryptosaiyan/.config/hypr/scripts/swww-random-wallpaper.sh
[2025-06-12 17:33:47] Executing script: /home/cryptosaiyan/.config/hypr/scripts/swww-random-wallpaper.sh
[2025-06-12 17:38:48] Executing script: /home/cryptosaiyan/.config/hypr/scripts/swww-random-wallpaper.sh
[2025-06-12 17:43:50] Executing script: /home/cryptosaiyan/.config/hypr/scripts/swww-random-wallpaper.sh
[2025-06-12 17:48:51] Executing script: /home/cryptosaiyan/.config/hypr/scripts/swww-random-wallpaper.sh
[2025-06-12 17:53:52] Executing script: /home/cryptosaiyan/.config/hypr/scripts/swww-random-wallpaper.sh
[2025-06-12 17:58:53] Executing script: /home/cryptosaiyan/.config/hypr/scripts/swww-random-wallpaper.sh
[2025-06-12 18:03:54] Executing script: /home/cryptosaiyan/.config/hypr/scripts/swww-random-wallpaper.sh
[2025-06-12 18:08:55] Executing script: /home/cryptosaiyan/.config/hypr/scripts/swww-random-wallpaper.sh
[2025-06-12 18:13:56] Executing script: /home/cryptosaiyan/.config/hypr/scripts/swww-random-wallpaper.sh
[2025-06-12 18:18:58] Executing script: /home/cryptosaiyan/.config/hypr/scripts/swww-random-wallpaper.sh
[2025-06-12 18:23:59] Executing script: /home/cryptosaiyan/.config/hypr/scripts/swww-random-wallpaper.sh
[2025-06-12 18:29:00] Executing script: /home/cryptosaiyan/.config/hypr/scripts/swww-random-wallpaper.sh
[2025-06-12 18:34:01] Executing script: /home/cryptosaiyan/.config/hypr/scripts/swww-random-wallpaper.sh
[2025-06-12 18:39:02] Executing script: /home/cryptosaiyan/.config/hypr/scripts/swww-random-wallpaper.sh
[2025-06-12 18:44:03] Executing script: /home/cryptosaiyan/.config/hypr/scripts/swww-random-wallpaper.sh
[2025-06-12 18:49:04] Executing script: /home/cryptosaiyan/.config/hypr/scripts/swww-random-wallpaper.sh
[2025-06-12 18:54:05] Executing script: /home/cryptosaiyan/.config/hypr/scripts/swww-random-wallpaper.sh
[2025-06-12 18:59:07] Executing script: /home/cryptosaiyan/.config/hypr/scripts/swww-random-wallpaper.sh
[2025-06-12 19:04:08] Executing script: /home/cryptosaiyan/.config/hypr/scripts/swww-random-wallpaper.sh
[2025-06-12 19:09:09] Executing script: /home/cryptosaiyan/.config/hypr/scripts/swww-random-wallpaper.sh
[2025-06-12 19:14:10] Executing script: /home/cryptosaiyan/.config/hypr/scripts/swww-random-wallpaper.sh
[2025-06-12 19:19:11] Executing script: /home/cryptosaiyan/.config/hypr/scripts/swww-random-wallpaper.sh
[2025-06-12 19:24:12] Executing script: /home/cryptosaiyan/.config/hypr/scripts/swww-random-wallpaper.sh
[2025-06-12 19:29:13] Executing script: /home/cryptosaiyan/.config/hypr/scripts/swww-random-wallpaper.sh
[2025-06-12 19:34:14] Executing script: /home/cryptosaiyan/.config/hypr/scripts/swww-random-wallpaper.sh
[2025-06-12 19:39:15] Executing script: /home/cryptosaiyan/.config/hypr/scripts/swww-random-wallpaper.sh
[2025-06-12 19:44:16] Executing script: /home/cryptosaiyan/.config/hypr/scripts/swww-random-wallpaper.sh
[2025-06-12 19:49:17] Executing script: /home/cryptosaiyan/.config/hypr/scripts/swww-random-wallpaper.sh
[2025-06-12 19:54:18] Executing script: /home/cryptosaiyan/.config/hypr/scripts/swww-random-wallpaper.sh
[2025-06-12 20:33:45] Executing script: /home/cryptosaiyan/.config/hypr/scripts/swww-random-wallpaper.sh
[2025-06-12 20:38:46] Executing script: /home/cryptosaiyan/.config/hypr/scripts/swww-random-wallpaper.sh
[2025-06-12 20:43:47] Executing script: /home/cryptosaiyan/.config/hypr/scripts/swww-random-wallpaper.sh
[2025-06-12 20:48:48] Executing script: /home/cryptosaiyan/.config/hypr/scripts/swww-random-wallpaper.sh
[2025-06-12 20:53:49] Executing script: /home/cryptosaiyan/.config/hypr/scripts/swww-random-wallpaper.sh
[2025-06-12 20:58:51] Executing script: /home/cryptosaiyan/.config/hypr/scripts/swww-random-wallpaper.sh
[2025-06-12 21:03:52] Executing script: /home/cryptosaiyan/.config/hypr/scripts/swww-random-wallpaper.sh
[2025-06-12 21:08:53] Executing script: /home/cryptosaiyan/.config/hypr/scripts/swww-random-wallpaper.sh
[2025-06-12 21:13:54] Executing script: /home/cryptosaiyan/.config/hypr/scripts/swww-random-wallpaper.sh
[2025-06-12 21:29:29] Executing script: /home/cryptosaiyan/.config/hypr/scripts/swww-random-wallpaper.sh
[2025-06-12 21:34:30] Executing script: /home/cryptosaiyan/.config/hypr/scripts/swww-random-wallpaper.sh
[2025-06-12 21:39:31] Executing script: /home/cryptosaiyan/.config/hypr/scripts/swww-random-wallpaper.sh
[2025-06-12 21:44:32] Executing script: /home/cryptosaiyan/.config/hypr/scripts/swww-random-wallpaper.sh
[2025-06-12 21:49:33] Executing script: /home/cryptosaiyan/.config/hypr/scripts/swww-random-wallpaper.sh
[2025-06-12 21:54:34] Executing script: /home/cryptosaiyan/.config/hypr/scripts/swww-random-wallpaper.sh
[2025-06-12 21:59:35] Executing script: /home/cryptosaiyan/.config/hypr/scripts/swww-random-wallpaper.sh
[2025-06-12 22:04:36] Executing script: /home/cryptosaiyan/.config/hypr/scripts/swww-random-wallpaper.sh
[2025-06-12 22:09:37] Executing script: /home/cryptosaiyan/.config/hypr/scripts/swww-random-wallpaper.sh
[2025-06-12 22:14:39] Executing script: /home/cryptosaiyan/.config/hypr/scripts/swww-random-wallpaper.sh
[2025-06-12 22:19:40] Executing script: /home/cryptosaiyan/.config/hypr/scripts/swww-random-wallpaper.sh
[2025-06-12 22:24:41] Executing script: /home/cryptosaiyan/.config/hypr/scripts/swww-random-wallpaper.sh
[2025-06-12 22:29:42] Executing script: /home/cryptosaiyan/.config/hypr/scripts/swww-random-wallpaper.sh
[2025-06-12 22:34:43] Executing script: /home/cryptosaiyan/.config/hypr/scripts/swww-random-wallpaper.sh
[2025-06-13 15:52:54] Starting periodic script runner
[2025-06-13 15:52:54] Executing script: /home/cryptosaiyan/.config/hypr/scripts/swww-random-wallpaper.sh
[2025-06-13 15:57:56] Executing script: /home/cryptosaiyan/.config/hypr/scripts/swww-random-wallpaper.sh
[2025-06-13 16:02:57] Executing script: /home/cryptosaiyan/.config/hypr/scripts/swww-random-wallpaper.sh
[2025-06-13 16:07:58] Executing script: /home/cryptosaiyan/.config/hypr/scripts/swww-random-wallpaper.sh
[2025-06-13 16:12:59] Executing script: /home/cryptosaiyan/.config/hypr/scripts/swww-random-wallpaper.sh
[2025-06-13 16:18:01] Executing script: /home/cryptosaiyan/.config/hypr/scripts/swww-random-wallpaper.sh
[2025-06-13 16:23:02] Executing script: /home/cryptosaiyan/.config/hypr/scripts/swww-random-wallpaper.sh
[2025-06-13 16:28:03] Executing script: /home/cryptosaiyan/.config/hypr/scripts/swww-random-wallpaper.sh
[2025-06-13 16:33:04] Executing script: /home/cryptosaiyan/.config/hypr/scripts/swww-random-wallpaper.sh
[2025-06-13 16:38:05] Executing script: /home/cryptosaiyan/.config/hypr/scripts/swww-random-wallpaper.sh
[2025-06-13 16:43:06] Executing script: /home/cryptosaiyan/.config/hypr/scripts/swww-random-wallpaper.sh
[2025-06-13 16:48:07] Executing script: /home/cryptosaiyan/.config/hypr/scripts/swww-random-wallpaper.sh
[2025-06-13 16:53:09] Executing script: /home/cryptosaiyan/.config/hypr/scripts/swww-random-wallpaper.sh
[2025-06-13 16:58:10] Executing script: /home/cryptosaiyan/.config/hypr/scripts/swww-random-wallpaper.sh
[2025-06-13 17:03:11] Executing script: /home/cryptosaiyan/.config/hypr/scripts/swww-random-wallpaper.sh
[2025-06-13 17:08:12] Executing script: /home/cryptosaiyan/.config/hypr/scripts/swww-random-wallpaper.sh
[2025-06-13 17:13:13] Executing script: /home/cryptosaiyan/.config/hypr/scripts/swww-random-wallpaper.sh
[2025-06-13 17:18:14] Executing script: /home/cryptosaiyan/.config/hypr/scripts/swww-random-wallpaper.sh
[2025-06-13 17:23:16] Executing script: /home/cryptosaiyan/.config/hypr/scripts/swww-random-wallpaper.sh
[2025-06-13 17:28:17] Executing script: /home/cryptosaiyan/.config/hypr/scripts/swww-random-wallpaper.sh
[2025-06-13 17:33:18] Executing script: /home/cryptosaiyan/.config/hypr/scripts/swww-random-wallpaper.sh
[2025-06-13 17:38:19] Executing script: /home/cryptosaiyan/.config/hypr/scripts/swww-random-wallpaper.sh
[2025-06-13 17:43:20] Executing script: /home/cryptosaiyan/.config/hypr/scripts/swww-random-wallpaper.sh
[2025-06-13 17:48:21] Executing script: /home/cryptosaiyan/.config/hypr/scripts/swww-random-wallpaper.sh
